d:\abertay\cmp-502--graphics\cmp502-week-1-geometry-safwanpaleri\e1_geometry\e1_geometry\x64\debug\vc143.pdb
d:\abertay\cmp-502--graphics\cmp502-week-1-geometry-safwanpaleri\e1_geometry\e1_geometry\x64\debug\vc143.idb
d:\abertay\cmp-502--graphics\cmp502-week-1-geometry-safwanpaleri\e1_geometry\e1_geometry\x64\debug\sakuratree.obj
d:\abertay\cmp-502--graphics\cmp502-week-1-geometry-safwanpaleri\e1_geometry\e1_geometry\x64\debug\main.obj
d:\abertay\cmp-502--graphics\cmp502-week-1-geometry-safwanpaleri\e1_geometry\e1_geometry\x64\debug\colourtriangle.obj
d:\abertay\cmp-502--graphics\cmp502-week-1-geometry-safwanpaleri\e1_geometry\e1_geometry\x64\debug\colourshader.obj
d:\abertay\cmp-502--graphics\cmp502-week-1-geometry-safwanpaleri\e1_geometry\e1_geometry\x64\debug\app1.obj
d:\abertay\cmp-502--graphics\cmp502-week-1-geometry-safwanpaleri\e1_geometry\e1_geometry\colour_ps.cso
d:\abertay\cmp-502--graphics\cmp502-week-1-geometry-safwanpaleri\e1_geometry\e1_geometry\colour_vs.cso
d:\abertay\cmp-502--graphics\cmp502-week-1-geometry-safwanpaleri\e1_geometry\x64\debug\e1_geometry.exe
d:\abertay\cmp-502--graphics\cmp502-week-1-geometry-safwanpaleri\e1_geometry\x64\debug\e1_geometry.pdb
d:\abertay\cmp-502--graphics\cmp502-week-1-geometry-safwanpaleri\e1_geometry\e1_geometry\x64\debug\e1_geometry.ilk
d:\abertay\cmp-502--graphics\cmp502-week-1-geometry-safwanpaleri\e1_geometry\e1_geometry\x64\debug\e1_geometry.tlog\cl.command.1.tlog
d:\abertay\cmp-502--graphics\cmp502-week-1-geometry-safwanpaleri\e1_geometry\e1_geometry\x64\debug\e1_geometry.tlog\cl.items.tlog
d:\abertay\cmp-502--graphics\cmp502-week-1-geometry-safwanpaleri\e1_geometry\e1_geometry\x64\debug\e1_geometry.tlog\cl.read.1.tlog
d:\abertay\cmp-502--graphics\cmp502-week-1-geometry-safwanpaleri\e1_geometry\e1_geometry\x64\debug\e1_geometry.tlog\cl.write.1.tlog
d:\abertay\cmp-502--graphics\cmp502-week-1-geometry-safwanpaleri\e1_geometry\e1_geometry\x64\debug\e1_geometry.tlog\fxc.command.1.tlog
d:\abertay\cmp-502--graphics\cmp502-week-1-geometry-safwanpaleri\e1_geometry\e1_geometry\x64\debug\e1_geometry.tlog\fxc.read.1.tlog
d:\abertay\cmp-502--graphics\cmp502-week-1-geometry-safwanpaleri\e1_geometry\e1_geometry\x64\debug\e1_geometry.tlog\fxc.write.1.tlog
d:\abertay\cmp-502--graphics\cmp502-week-1-geometry-safwanpaleri\e1_geometry\e1_geometry\x64\debug\e1_geometry.tlog\link.command.1.tlog
d:\abertay\cmp-502--graphics\cmp502-week-1-geometry-safwanpaleri\e1_geometry\e1_geometry\x64\debug\e1_geometry.tlog\link.read.1.tlog
d:\abertay\cmp-502--graphics\cmp502-week-1-geometry-safwanpaleri\e1_geometry\e1_geometry\x64\debug\e1_geometry.tlog\link.secondary.1.tlog
d:\abertay\cmp-502--graphics\cmp502-week-1-geometry-safwanpaleri\e1_geometry\e1_geometry\x64\debug\e1_geometry.tlog\link.write.1.tlog
